<?xml version="1.0" encoding="UTF-8"?>
<!-- Generated by org.testng.reporters.JUnitXMLReporter -->
<testsuite hostname="Amuthan" ignored="0" name="NewDemo Tours Test" tests="4" failures="1" timestamp="25 Mar 2018 04:21:46 GMT" time="88.858" errors="0">
  <testcase name="testcase1" time="22.647" classname="org.com.main.DriverScript"/>
  <testcase name="testcase2" time="26.328" classname="org.com.main.DriverScript">
    <skipped/>
  </testcase> <!-- testcase2 -->
  <testcase name="testcase2" time="14.168" classname="org.com.main.DriverScript">
    <failure type="java.lang.reflect.InvocationTargetException">
      <![CDATA[java.lang.reflect.InvocationTargetException
	at org.com.main.DriverScript.testcase2(DriverScript.java:144)
Caused by: java.lang.NullPointerException
	at java.util.regex.Matcher.getTextLength(Unknown Source)
	at java.util.regex.Matcher.reset(Unknown Source)
	at java.util.regex.Matcher.<init>(Unknown Source)
	at java.util.regex.Pattern.matcher(Unknown Source)
	at com.aventstack.extentreports.utils.ExceptionUtil.getExceptionHeadline(ExceptionUtil.java:25)
	at com.aventstack.extentreports.ExtentTest.log(ExtentTest.java:399)
	at com.aventstack.extentreports.ExtentTest.fail(ExtentTest.java:635)
	at com.aventstack.extentreports.ExtentTest.fail(ExtentTest.java:647)
	at org.com.reusablefunctions.Keywords2.selectfromplace(Keywords2.java:63)
	... 30 more
... Removed 29 stack frames]]>
    </failure>
  </testcase> <!-- testcase2 -->
  <testcase name="testcase3" time="0.002" classname="org.com.main.DriverScript">
    <skipped/>
  </testcase> <!-- testcase3 -->
</testsuite> <!-- NewDemo Tours Test -->
